2016-10-13 10:14:11,623 [INFO ][Test worker     ][course.java2016.girevoy.lessons.lesson9.testTests.MainTest] - This is @BeforeClass method
2016-10-13 10:14:11,630 [INFO ][Test worker     ][course.java2016.girevoy.lessons.lesson9.testTests.MainTest] - This is @Before method
2016-10-13 10:14:11,630 [INFO ][Test worker     ][course.java2016.girevoy.lessons.lesson9.testTests.MainTest] - This is @Test method testIsString
2016-10-13 10:14:11,630 [INFO ][Test worker     ][course.java2016.girevoy.lessons.lesson9.testTests.MainTest] - This is @Arter method
2016-10-13 10:14:11,633 [INFO ][Test worker     ][course.java2016.girevoy.lessons.lesson9.testTests.MainTest] - This is @Before method
2016-10-13 10:14:11,633 [INFO ][Test worker     ][course.java2016.girevoy.lessons.lesson9.testTests.MainTest] - This is @Test method testIsHelloWorld
2016-10-13 10:14:11,633 [INFO ][Test worker     ][course.java2016.girevoy.lessons.lesson9.testTests.MainTest] - This is @Arter method
2016-10-13 10:14:11,633 [INFO ][Test worker     ][course.java2016.girevoy.lessons.lesson9.testTests.MainTest] - This is @ArterClass method
2016-10-13 10:21:49,693 [INFO ][Test worker     ][course.java2016.girevoy.lessons.lesson9.testTests.MainTest] - This is @BeforeClass method
2016-10-13 10:21:49,699 [INFO ][Test worker     ][course.java2016.girevoy.lessons.lesson9.testTests.MainTest] - This is @Before method
2016-10-13 10:21:49,699 [INFO ][Test worker     ][course.java2016.girevoy.lessons.lesson9.testTests.MainTest] - This is @Test method testIsString
2016-10-13 10:21:49,699 [INFO ][Test worker     ][course.java2016.girevoy.lessons.lesson9.testTests.MainTest] - This is @Arter method
2016-10-13 10:21:49,702 [INFO ][Test worker     ][course.java2016.girevoy.lessons.lesson9.testTests.MainTest] - This is @Before method
2016-10-13 10:21:49,702 [INFO ][Test worker     ][course.java2016.girevoy.lessons.lesson9.testTests.MainTest] - This is @Test method testIsHelloWorld
2016-10-13 10:21:49,703 [INFO ][Test worker     ][course.java2016.girevoy.lessons.lesson9.testTests.MainTest] - This is @Arter method
2016-10-13 10:21:49,706 [INFO ][Test worker     ][course.java2016.girevoy.lessons.lesson9.testTests.MainTest] - This is @ArterClass method
2016-10-13 10:23:27,005 [INFO ][Test worker     ][course.java2016.girevoy.lessons.lesson9.testTests.MainTest] - This is @BeforeClass method
2016-10-13 10:23:27,014 [INFO ][Test worker     ][course.java2016.girevoy.lessons.lesson9.testTests.MainTest] - This is @Before method
2016-10-13 10:23:27,014 [INFO ][Test worker     ][course.java2016.girevoy.lessons.lesson9.testTests.MainTest] - This is @Test method testIsString
2016-10-13 10:23:27,014 [INFO ][Test worker     ][course.java2016.girevoy.lessons.lesson9.testTests.MainTest] - This is @Arter method
2016-10-13 10:23:27,016 [INFO ][Test worker     ][course.java2016.girevoy.lessons.lesson9.testTests.MainTest] - This is @Before method
2016-10-13 10:23:27,016 [INFO ][Test worker     ][course.java2016.girevoy.lessons.lesson9.testTests.MainTest] - This is @Test method testIsHelloWorld
2016-10-13 10:23:27,016 [INFO ][Test worker     ][course.java2016.girevoy.lessons.lesson9.testTests.MainTest] - This is @Arter method
2016-10-13 10:23:27,016 [INFO ][Test worker     ][course.java2016.girevoy.lessons.lesson9.testTests.MainTest] - This is @ArterClass method
2016-10-13 10:29:37,526 [INFO ][Test worker     ][course.java2016.girevoy.lessons.lesson9.testTests.MainTest] - This is @BeforeClass method
2016-10-13 10:29:37,530 [INFO ][Test worker     ][course.java2016.girevoy.lessons.lesson9.testTests.MainTest] - This is @Before method
2016-10-13 10:29:37,531 [INFO ][Test worker     ][course.java2016.girevoy.lessons.lesson9.testTests.MainTest] - This is @Test method testIsString
2016-10-13 10:29:37,531 [INFO ][Test worker     ][course.java2016.girevoy.lessons.lesson9.testTests.MainTest] - This is @Arter method
2016-10-13 10:29:37,536 [INFO ][Test worker     ][course.java2016.girevoy.lessons.lesson9.testTests.MainTest] - This is @Before method
2016-10-13 10:29:37,536 [INFO ][Test worker     ][course.java2016.girevoy.lessons.lesson9.testTests.MainTest] - This is @Test method testIsHelloWorld
2016-10-13 10:29:37,536 [INFO ][Test worker     ][course.java2016.girevoy.lessons.lesson9.testTests.MainTest] - This is @Arter method
2016-10-13 10:29:37,537 [INFO ][Test worker     ][course.java2016.girevoy.lessons.lesson9.testTests.MainTest] - This is @ArterClass method
2016-10-13 10:30:34,749 [INFO ][Test worker     ][course.java2016.girevoy.lessons.lesson9.testTests.MainTest] - This is @BeforeClass method
2016-10-13 10:30:34,754 [INFO ][Test worker     ][course.java2016.girevoy.lessons.lesson9.testTests.MainTest] - This is @Before method
2016-10-13 10:30:34,754 [INFO ][Test worker     ][course.java2016.girevoy.lessons.lesson9.testTests.MainTest] - This is @Test method testIsString
2016-10-13 10:30:34,754 [INFO ][Test worker     ][course.java2016.girevoy.lessons.lesson9.testTests.MainTest] - This is @Arter method
2016-10-13 10:30:34,762 [INFO ][Test worker     ][course.java2016.girevoy.lessons.lesson9.testTests.MainTest] - This is @Before method
2016-10-13 10:30:34,762 [INFO ][Test worker     ][course.java2016.girevoy.lessons.lesson9.testTests.MainTest] - This is @Test method testIsHelloWorld
2016-10-13 10:30:34,762 [INFO ][Test worker     ][course.java2016.girevoy.lessons.lesson9.testTests.MainTest] - This is @Arter method
2016-10-13 10:30:34,762 [INFO ][Test worker     ][course.java2016.girevoy.lessons.lesson9.testTests.MainTest] - This is @ArterClass method
2016-10-13 10:33:37,711 [INFO ][Test worker     ][course.java2016.girevoy.lessons.lesson9.testTests.MainTest] - This is @BeforeClass method
2016-10-13 10:33:37,720 [INFO ][Test worker     ][course.java2016.girevoy.lessons.lesson9.testTests.MainTest] - This is @Before method
2016-10-13 10:33:37,720 [INFO ][Test worker     ][course.java2016.girevoy.lessons.lesson9.testTests.MainTest] - This is @Test method testIsString
2016-10-13 10:33:37,720 [INFO ][Test worker     ][course.java2016.girevoy.lessons.lesson9.testTests.MainTest] - This is @Arter method
2016-10-13 10:33:37,726 [INFO ][Test worker     ][course.java2016.girevoy.lessons.lesson9.testTests.MainTest] - This is @Before method
2016-10-13 10:33:37,727 [INFO ][Test worker     ][course.java2016.girevoy.lessons.lesson9.testTests.MainTest] - This is @Test method testIsHelloWorld
2016-10-13 10:33:37,727 [INFO ][Test worker     ][course.java2016.girevoy.lessons.lesson9.testTests.MainTest] - This is @Arter method
2016-10-13 10:33:37,728 [INFO ][Test worker     ][course.java2016.girevoy.lessons.lesson9.testTests.MainTest] - This is @ArterClass method
2016-10-13 10:36:23,537 [INFO ][main            ][course.java2016.girevoy.lessons.lesson9.testTests.MainTest] - This is @BeforeClass method
2016-10-13 10:36:23,544 [INFO ][main            ][course.java2016.girevoy.lessons.lesson9.testTests.MainTest] - This is @Before method
2016-10-13 10:36:23,544 [INFO ][main            ][course.java2016.girevoy.lessons.lesson9.testTests.MainTest] - This is @Test method testIsString
2016-10-13 10:36:23,544 [INFO ][main            ][course.java2016.girevoy.lessons.lesson9.testTests.MainTest] - This is @Arter method
2016-10-13 10:36:23,547 [INFO ][main            ][course.java2016.girevoy.lessons.lesson9.testTests.MainTest] - This is @Before method
2016-10-13 10:36:23,547 [INFO ][main            ][course.java2016.girevoy.lessons.lesson9.testTests.MainTest] - This is @Test method testIsHelloWorld
2016-10-13 10:36:23,547 [INFO ][main            ][course.java2016.girevoy.lessons.lesson9.testTests.MainTest] - This is @Arter method
2016-10-13 10:36:23,548 [INFO ][main            ][course.java2016.girevoy.lessons.lesson9.testTests.MainTest] - This is @ArterClass method
2016-10-13 10:36:35,695 [INFO ][main            ][course.java2016.girevoy.lessons.lesson9.testTests.MainTest] - This is @BeforeClass method
2016-10-13 10:36:35,701 [INFO ][main            ][course.java2016.girevoy.lessons.lesson9.testTests.MainTest] - This is @Before method
2016-10-13 10:36:35,702 [INFO ][main            ][course.java2016.girevoy.lessons.lesson9.testTests.MainTest] - This is @Test method testIsString
2016-10-13 10:36:35,702 [INFO ][main            ][course.java2016.girevoy.lessons.lesson9.testTests.MainTest] - This is @Arter method
2016-10-13 10:36:35,705 [INFO ][main            ][course.java2016.girevoy.lessons.lesson9.testTests.MainTest] - This is @Before method
2016-10-13 10:36:35,706 [INFO ][main            ][course.java2016.girevoy.lessons.lesson9.testTests.MainTest] - This is @Test method testIsHelloWorld
2016-10-13 10:36:35,706 [INFO ][main            ][course.java2016.girevoy.lessons.lesson9.testTests.MainTest] - This is @Arter method
2016-10-13 10:36:35,706 [INFO ][main            ][course.java2016.girevoy.lessons.lesson9.testTests.MainTest] - This is @ArterClass method
