11:39:06,406 [main] ERROR ru.innopolis.course.java2016.girevoy.lessons.lesson8.HelloWorld.HelloWorld - error Test
11:40:27,587 [main] INFO ru.innopolis.course.java2016.girevoy.lessons.lesson8.HelloWorld.HelloWorld - Тестовое сообщене для логера. Число 660
11:40:27,591 [main] ERROR ru.innopolis.course.java2016.girevoy.lessons.lesson8.HelloWorld.HelloWorld - error Test
11:40:27,592 [main] INFO ru.innopolis.course.java2016.girevoy.lessons.lesson8.HelloWorld.HelloWorld - info Test
11:43:41,749 [main] INFO ru.innopolis.course.java2016.girevoy.lessons.lesson8.HelloWorld.HelloWorld - Тестовое сообщене для логера. Число 777
11:43:41,755 [main] ERROR ru.innopolis.course.java2016.girevoy.lessons.lesson8.HelloWorld.HelloWorld - error Test
11:43:41,755 [main] INFO ru.innopolis.course.java2016.girevoy.lessons.lesson8.HelloWorld.HelloWorld - info Test
11:43:45,746 [main] INFO ru.innopolis.course.java2016.girevoy.lessons.lesson8.HelloWorld.HelloWorld - Тестовое сообщене для логера. Число 711
11:43:45,759 [main] ERROR ru.innopolis.course.java2016.girevoy.lessons.lesson8.HelloWorld.HelloWorld - error Test
11:43:45,759 [main] INFO ru.innopolis.course.java2016.girevoy.lessons.lesson8.HelloWorld.HelloWorld - info Test
11:45:05,851 [main] INFO ru.innopolis.course.java2016.girevoy.lessons.lesson8.HelloWorld.HelloWorld - Тестовое сообщене для логера. Число 215
11:45:05,855 [main] ERROR ru.innopolis.course.java2016.girevoy.lessons.lesson8.HelloWorld.HelloWorld - error Test
11:45:05,855 [main] INFO ru.innopolis.course.java2016.girevoy.lessons.lesson8.HelloWorld.HelloWorld - info Test
11:47:43,341 [main] INFO ru.innopolis.course.java2016.girevoy.lessons.lesson8.HelloWorld.HelloWorld - Тестовое сообщене для логера. Число 918
11:47:43,345 [main] ERROR ru.innopolis.course.java2016.girevoy.lessons.lesson8.HelloWorld.HelloWorld - error Test
11:47:43,345 [main] INFO ru.innopolis.course.java2016.girevoy.lessons.lesson8.HelloWorld.HelloWorld - info Test
11:47:50,282 [main] INFO ru.innopolis.course.java2016.girevoy.lessons.lesson8.HelloWorld.HelloWorld - Тестовое сообщене для логера. Число 566
11:47:50,286 [main] ERROR ru.innopolis.course.java2016.girevoy.lessons.lesson8.HelloWorld.HelloWorld - error Test
11:47:50,287 [main] INFO ru.innopolis.course.java2016.girevoy.lessons.lesson8.HelloWorld.HelloWorld - info Test
11:49:47,628 [main] INFO ru.innopolis.course.java2016.girevoy.lessons.lesson8.HelloWorld.HelloWorld - Тестовое сообщене для логера. Число 881
11:49:47,632 [main] ERROR ru.innopolis.course.java2016.girevoy.lessons.lesson8.HelloWorld.HelloWorld - error Test
11:49:47,632 [main] INFO ru.innopolis.course.java2016.girevoy.lessons.lesson8.HelloWorld.HelloWorld - info Test
11:49:58,307 [main] ERROR ru.innopolis.course.java2016.girevoy.lessons.lesson8.HelloWorld.HelloWorld - error Test
2016-10-12 12:09:41,671 ERROR [{{userName,Test User Name}{userRole,admin}}] error Test
2016-10-12 12:09:41,678 INFO [{{userName,Test User Name}{userRole,admin}}] info Test
2016-10-12 12:10:10,647 ERROR [{{userName,Test User Name}{userRole,admin}}] error Test
2016-10-12 12:10:10,658 INFO [{{userName,Test User Name}{userRole,admin}}] info Test
2016-10-12 12:11:23,792 ERROR [{{userName,Test User Name}{userRole,admin}}] error Test
2016-10-12 12:11:23,804 INFO [{{userName,Test User Name}{userRole,admin}}] info Test
2016-10-12 12:11:48,714 ERROR [{{userName,Test User Name}{userRole,admin}}] error Test
2016-10-12 12:11:48,717 INFO [{{userName,Test User Name}{userRole,admin}}] info Test
2016-10-12 12:12:22,412 ERROR [{{userName,Test User Name}{userRole,admin}}] error Test
2016-10-12 12:12:22,418 INFO [{{userName,Test User Name}{userRole,admin}}] info Test
2016-10-12 12:12:36,265 ERROR [{{userName,Test User Name}{userRole,admin}}] error Test
2016-10-12 12:12:36,276 INFO [{{userName,Test User Name}{userRole,admin}}] info Test
2016-10-12 12:14:02,130 ERROR [{}] error Test
2016-10-12 12:14:02,139 INFO [{}] info Test
2016-10-12 12:21:06,260 ERROR [{}] error Test
2016-10-12 12:21:06,265 INFO [{}] info Test
2016-10-12 12:21:14,253 ERROR [{}] error Test
2016-10-12 12:21:19,348 ERROR [{}] error Test
2016-10-12 12:21:19,359 INFO [{}] info Test
2016-10-12 12:22:47,085 ERROR [{}] error Test
2016-10-12 12:22:58,329 ERROR [{}] error Test
2016-10-12 12:22:58,338 INFO [{}] info Test
2016-10-12 12:28:45,914 ERROR [{}] error Test
2016-10-12 12:28:45,923 INFO [{}] info Test
2016-10-12 12:43:07,110 ERROR [{}] error Test
2016-10-12 12:43:07,127 INFO [{}] info Test
2016-10-12 12:48:14,258 ERROR [{}] error Test
2016-10-12 12:48:14,269 INFO [{}] info Test
